{"C:\\Users\\ArielBM\\Documents\\GitHub\\SA-201503910\\restaurant-server\\api\\controllers\\MainController.js": {"path":"C:\\Users\\ArielBM\\Documents\\GitHub\\SA-201503910\\restaurant-server\\api\\controllers\\MainController.js","statementMap":{"0":{"start":{"line":1,"column":11},"end":{"line":1,"column":26}},"1":{"start":{"line":3,"column":0},"end":{"line":5,"column":1}},"2":{"start":{"line":4,"column":4},"end":{"line":4,"column":47}},"3":{"start":{"line":8,"column":0},"end":{"line":10,"column":1}},"4":{"start":{"line":9,"column":4},"end":{"line":9,"column":34}}},"fnMap":{"0":{"name":"(anonymous_0)","decl":{"start":{"line":3,"column":19},"end":{"line":3,"column":20}},"loc":{"start":{"line":3,"column":38},"end":{"line":5,"column":1}},"line":3},"1":{"name":"(anonymous_1)","decl":{"start":{"line":8,"column":15},"end":{"line":8,"column":16}},"loc":{"start":{"line":8,"column":34},"end":{"line":10,"column":1}},"line":8}},"branchMap":{},"s":{"0":1,"1":1,"2":0,"3":1,"4":0},"f":{"0":0,"1":0},"b":{},"_coverageSchema":"1a1c01bbd47fc00a2c39e90264f33305004495a9","hash":"6c5ee6ea1e0dd336661817b4a30bfdf4773413ff"}
,"C:\\Users\\ArielBM\\Documents\\GitHub\\SA-201503910\\restaurant-server\\api\\controllers\\OrderController.js": {"path":"C:\\Users\\ArielBM\\Documents\\GitHub\\SA-201503910\\restaurant-server\\api\\controllers\\OrderController.js","statementMap":{"0":{"start":{"line":1,"column":11},"end":{"line":1,"column":24}},"1":{"start":{"line":2,"column":13},"end":{"line":2,"column":28}},"2":{"start":{"line":3,"column":14},"end":{"line":3,"column":30}},"3":{"start":{"line":4,"column":18},"end":{"line":4,"column":33}},"4":{"start":{"line":5,"column":18},"end":{"line":5,"column":39}},"5":{"start":{"line":7,"column":18},"end":{"line":7,"column":63}},"6":{"start":{"line":8,"column":14},"end":{"line":10,"column":2}},"7":{"start":{"line":12,"column":16},"end":{"line":24,"column":1}},"8":{"start":{"line":28,"column":17},"end":{"line":28,"column":61}},"9":{"start":{"line":30,"column":0},"end":{"line":52,"column":1}},"10":{"start":{"line":32,"column":19},"end":{"line":32,"column":36}},"11":{"start":{"line":33,"column":20},"end":{"line":33,"column":38}},"12":{"start":{"line":34,"column":22},"end":{"line":34,"column":42}},"13":{"start":{"line":36,"column":17},"end":{"line":38,"column":6}},"14":{"start":{"line":40,"column":4},"end":{"line":44,"column":7}},"15":{"start":{"line":42,"column":8},"end":{"line":42,"column":81}},"16":{"start":{"line":45,"column":18},"end":{"line":45,"column":28}},"17":{"start":{"line":46,"column":20},"end":{"line":46,"column":164}},"18":{"start":{"line":47,"column":4},"end":{"line":51,"column":6}},"19":{"start":{"line":55,"column":0},"end":{"line":85,"column":1}},"20":{"start":{"line":57,"column":21},"end":{"line":57,"column":34}},"21":{"start":{"line":59,"column":4},"end":{"line":84,"column":6}},"22":{"start":{"line":60,"column":8},"end":{"line":60,"column":27}},"23":{"start":{"line":60,"column":17},"end":{"line":60,"column":27}},"24":{"start":{"line":62,"column":28},"end":{"line":62,"column":44}},"25":{"start":{"line":63,"column":19},"end":{"line":63,"column":21}},"26":{"start":{"line":66,"column":8},"end":{"line":79,"column":9}},"27":{"start":{"line":67,"column":12},"end":{"line":67,"column":39}},"28":{"start":{"line":68,"column":25},"end":{"line":68,"column":43}},"29":{"start":{"line":70,"column":12},"end":{"line":78,"column":13}},"30":{"start":{"line":71,"column":16},"end":{"line":76,"column":17}},"31":{"start":{"line":72,"column":20},"end":{"line":72,"column":43}},"32":{"start":{"line":75,"column":20},"end":{"line":75,"column":48}},"33":{"start":{"line":77,"column":16},"end":{"line":77,"column":22}},"34":{"start":{"line":80,"column":8},"end":{"line":83,"column":10}},"35":{"start":{"line":88,"column":0},"end":{"line":155,"column":1}},"36":{"start":{"line":90,"column":21},"end":{"line":90,"column":34}},"37":{"start":{"line":91,"column":20},"end":{"line":91,"column":22}},"38":{"start":{"line":92,"column":17},"end":{"line":92,"column":19}},"39":{"start":{"line":93,"column":22},"end":{"line":93,"column":24}},"40":{"start":{"line":94,"column":18},"end":{"line":94,"column":58}},"41":{"start":{"line":95,"column":4},"end":{"line":152,"column":7}},"42":{"start":{"line":99,"column":16},"end":{"line":99,"column":17}},"43":{"start":{"line":100,"column":8},"end":{"line":108,"column":9}},"44":{"start":{"line":101,"column":26},"end":{"line":101,"column":34}},"45":{"start":{"line":102,"column":12},"end":{"line":106,"column":13}},"46":{"start":{"line":103,"column":16},"end":{"line":103,"column":36}},"47":{"start":{"line":104,"column":16},"end":{"line":104,"column":49}},"48":{"start":{"line":105,"column":16},"end":{"line":105,"column":46}},"49":{"start":{"line":107,"column":12},"end":{"line":107,"column":32}},"50":{"start":{"line":110,"column":31},"end":{"line":115,"column":9}},"51":{"start":{"line":111,"column":12},"end":{"line":111,"column":31}},"52":{"start":{"line":111,"column":21},"end":{"line":111,"column":31}},"53":{"start":{"line":112,"column":12},"end":{"line":114,"column":14}},"54":{"start":{"line":113,"column":16},"end":{"line":113,"column":48}},"55":{"start":{"line":113,"column":25},"end":{"line":113,"column":48}},"56":{"start":{"line":117,"column":8},"end":{"line":146,"column":14}},"57":{"start":{"line":125,"column":16},"end":{"line":142,"column":17}},"58":{"start":{"line":126,"column":20},"end":{"line":126,"column":74}},"59":{"start":{"line":127,"column":34},"end":{"line":127,"column":44}},"60":{"start":{"line":128,"column":20},"end":{"line":128,"column":129}},"61":{"start":{"line":129,"column":20},"end":{"line":133,"column":22}},"62":{"start":{"line":137,"column":20},"end":{"line":141,"column":22}},"63":{"start":{"line":145,"column":16},"end":{"line":145,"column":36}}},"fnMap":{"0":{"name":"(anonymous_0)","decl":{"start":{"line":30,"column":22},"end":{"line":30,"column":23}},"loc":{"start":{"line":30,"column":42},"end":{"line":52,"column":1}},"line":30},"1":{"name":"(anonymous_1)","decl":{"start":{"line":40,"column":24},"end":{"line":40,"column":25}},"loc":{"start":{"line":40,"column":35},"end":{"line":44,"column":5}},"line":40},"2":{"name":"(anonymous_2)","decl":{"start":{"line":55,"column":19},"end":{"line":55,"column":20}},"loc":{"start":{"line":55,"column":39},"end":{"line":85,"column":1}},"line":55},"3":{"name":"(anonymous_3)","decl":{"start":{"line":59,"column":34},"end":{"line":59,"column":35}},"loc":{"start":{"line":59,"column":55},"end":{"line":84,"column":5}},"line":59},"4":{"name":"(anonymous_4)","decl":{"start":{"line":88,"column":23},"end":{"line":88,"column":24}},"loc":{"start":{"line":88,"column":43},"end":{"line":155,"column":1}},"line":88},"5":{"name":"(anonymous_5)","decl":{"start":{"line":98,"column":7},"end":{"line":98,"column":8}},"loc":{"start":{"line":98,"column":29},"end":{"line":152,"column":5}},"line":98},"6":{"name":"(anonymous_6)","decl":{"start":{"line":110,"column":31},"end":{"line":110,"column":32}},"loc":{"start":{"line":110,"column":51},"end":{"line":115,"column":9}},"line":110},"7":{"name":"(anonymous_7)","decl":{"start":{"line":112,"column":48},"end":{"line":112,"column":49}},"loc":{"start":{"line":112,"column":63},"end":{"line":114,"column":13}},"line":112},"8":{"name":"(anonymous_8)","decl":{"start":{"line":124,"column":18},"end":{"line":124,"column":19}},"loc":{"start":{"line":124,"column":26},"end":{"line":143,"column":13}},"line":124},"9":{"name":"(anonymous_9)","decl":{"start":{"line":144,"column":19},"end":{"line":144,"column":20}},"loc":{"start":{"line":144,"column":28},"end":{"line":146,"column":13}},"line":144}},"branchMap":{"0":{"loc":{"start":{"line":60,"column":8},"end":{"line":60,"column":27}},"type":"if","locations":[{"start":{"line":60,"column":8},"end":{"line":60,"column":27}},{"start":{"line":60,"column":8},"end":{"line":60,"column":27}}],"line":60},"1":{"loc":{"start":{"line":70,"column":12},"end":{"line":78,"column":13}},"type":"if","locations":[{"start":{"line":70,"column":12},"end":{"line":78,"column":13}},{"start":{"line":70,"column":12},"end":{"line":78,"column":13}}],"line":70},"2":{"loc":{"start":{"line":71,"column":16},"end":{"line":76,"column":17}},"type":"if","locations":[{"start":{"line":71,"column":16},"end":{"line":76,"column":17}},{"start":{"line":71,"column":16},"end":{"line":76,"column":17}}],"line":71},"3":{"loc":{"start":{"line":102,"column":12},"end":{"line":106,"column":13}},"type":"if","locations":[{"start":{"line":102,"column":12},"end":{"line":106,"column":13}},{"start":{"line":102,"column":12},"end":{"line":106,"column":13}}],"line":102},"4":{"loc":{"start":{"line":111,"column":12},"end":{"line":111,"column":31}},"type":"if","locations":[{"start":{"line":111,"column":12},"end":{"line":111,"column":31}},{"start":{"line":111,"column":12},"end":{"line":111,"column":31}}],"line":111},"5":{"loc":{"start":{"line":113,"column":16},"end":{"line":113,"column":48}},"type":"if","locations":[{"start":{"line":113,"column":16},"end":{"line":113,"column":48}},{"start":{"line":113,"column":16},"end":{"line":113,"column":48}}],"line":113},"6":{"loc":{"start":{"line":125,"column":16},"end":{"line":142,"column":17}},"type":"if","locations":[{"start":{"line":125,"column":16},"end":{"line":142,"column":17}},{"start":{"line":125,"column":16},"end":{"line":142,"column":17}}],"line":125}},"s":{"0":1,"1":1,"2":1,"3":1,"4":1,"5":1,"6":1,"7":1,"8":1,"9":1,"10":0,"11":0,"12":0,"13":0,"14":0,"15":0,"16":0,"17":0,"18":0,"19":1,"20":0,"21":0,"22":0,"23":0,"24":0,"25":0,"26":0,"27":0,"28":0,"29":0,"30":0,"31":0,"32":0,"33":0,"34":0,"35":1,"36":0,"37":0,"38":0,"39":0,"40":0,"41":0,"42":0,"43":0,"44":0,"45":0,"46":0,"47":0,"48":0,"49":0,"50":0,"51":0,"52":0,"53":0,"54":0,"55":0,"56":0,"57":0,"58":0,"59":0,"60":0,"61":0,"62":0,"63":0},"f":{"0":0,"1":0,"2":0,"3":0,"4":0,"5":0,"6":0,"7":0,"8":0,"9":0},"b":{"0":[0,0],"1":[0,0],"2":[0,0],"3":[0,0],"4":[0,0],"5":[0,0],"6":[0,0]},"_coverageSchema":"1a1c01bbd47fc00a2c39e90264f33305004495a9","hash":"c417c725d5863c177c074f70accb26662c58ed41"}
,"C:\\Users\\ArielBM\\Documents\\GitHub\\SA-201503910\\restaurant-server\\api\\routes\\routes.js": {"path":"C:\\Users\\ArielBM\\Documents\\GitHub\\SA-201503910\\restaurant-server\\api\\routes\\routes.js","statementMap":{"0":{"start":{"line":1,"column":0},"end":{"line":10,"column":1}},"1":{"start":{"line":3,"column":17},"end":{"line":3,"column":58}},"2":{"start":{"line":4,"column":18},"end":{"line":4,"column":60}},"3":{"start":{"line":6,"column":4},"end":{"line":6,"column":38}},"4":{"start":{"line":7,"column":4},"end":{"line":7,"column":53}},"5":{"start":{"line":8,"column":4},"end":{"line":8,"column":52}},"6":{"start":{"line":9,"column":4},"end":{"line":9,"column":58}}},"fnMap":{"0":{"name":"(anonymous_0)","decl":{"start":{"line":1,"column":17},"end":{"line":1,"column":18}},"loc":{"start":{"line":1,"column":30},"end":{"line":10,"column":1}},"line":1}},"branchMap":{},"s":{"0":1,"1":1,"2":1,"3":1,"4":0,"5":0,"6":0},"f":{"0":1},"b":{},"_coverageSchema":"1a1c01bbd47fc00a2c39e90264f33305004495a9","hash":"9cebbcdc2b73d8f3537483ff5f5717fdd3cfff15"}
}
